<?xml version="1.0" encoding="UTF-8"?>
<!-- Generated by org.testng.reporters.JUnitXMLReporter -->
<testsuite hostname="admin-PC" name="Regression" tests="1" failures="1" timestamp="17 May 2020 18:53:45 GMT" time="51.165" errors="0">
  <testcase name="TC_WomenPurchase" time="38.692" classname="crossAsyst.TestCase.TestCase1">
    <failure type="org.openqa.selenium.NoSuchElementException" message="Cannot locate option with value: Illinois
For documentation on this error, please visit: https://www.seleniumhq.org/exceptions/no_such_element.html
Build info: version: &amp;apos;3.141.59&amp;apos;, revision: &amp;apos;e82be7d358&amp;apos;, time: &amp;apos;2018-11-14T08:17:03&amp;apos;
System info: host: &amp;apos;ADMIN-PC&amp;apos;, ip: &amp;apos;192.168.0.106&amp;apos;, os.name: &amp;apos;Windows 7&amp;apos;, os.arch: &amp;apos;amd64&amp;apos;, os.version: &amp;apos;6.1&amp;apos;, java.version: &amp;apos;1.8.0_251&amp;apos;
Driver info: driver.version: unknown">
      <![CDATA[org.openqa.selenium.NoSuchElementException: Cannot locate option with value: Illinois
For documentation on this error, please visit: https://www.seleniumhq.org/exceptions/no_such_element.html
Build info: version: '3.141.59', revision: 'e82be7d358', time: '2018-11-14T08:17:03'
System info: host: 'ADMIN-PC', ip: '192.168.0.106', os.name: 'Windows 7', os.arch: 'amd64', os.version: '6.1', java.version: '1.8.0_251'
Driver info: driver.version: unknown
	at org.openqa.selenium.support.ui.Select.findOptionsByValue(Select.java:283)
	at org.openqa.selenium.support.ui.Select.selectByValue(Select.java:186)
	at crossAsyst.Webdriver.WebdriverConfig.selectByValue(WebdriverConfig.java:32)
	at crossAsyst.DemoProject.Login.signUp(Login.java:89)
	at crossAsyst.TestCase.TestCase1.TC_WomenPurchase(TestCase1.java:32)
... Removed 25 stack frames]]>
    </failure>
  </testcase> <!-- TC_WomenPurchase -->
</testsuite> <!-- Regression -->
